<?xml version="1.0" encoding="UTF-8"?>
<testsuites name="Untitled Test Suite" time="15" tests="0" failures="0" errors="1">
   <testsuite name="Untitled Test Suite" tests="0" failures="0" errors="1" time="15" timestamp="2018-03-07 14:18:40" hostname="ahy - bvimit-3b17" id="Test Suites/Imported from Selenium IDE Scripts/Untitled Test Suite">
      <properties>
         <property name="deviceName" value=""/>
         <property name="devicePlatform" value=""/>
         <property name="logFolder" value="C:\\Users\\ahy\\git\\Coolhandmovers\\Reports\\Imported from Selenium IDE Scripts\\Untitled Test Suite\\20180307_141830"/>
         <property name="logFiles" value="C:\\Users\\ahy\\git\\Coolhandmovers\\Reports\\Imported from Selenium IDE Scripts\\Untitled Test Suite\\20180307_141830\\execution0.log"/>
         <property name="attachments" value=""/>
         <property name="hostName" value="ahy - bvimit-3b17"/>
         <property name="os" value="Windows 10 64bit"/>
         <property name="katalonVersion" value="5.3.0.1"/>
         <property name="browser" value="Chrome 64.0.3282.186"/>
         <property name="hostAddress" value="192.168.111.1"/>
         <property name="sessionId" value="cba60623783e725ec22f4b1e1a717d5d"/>
         <property name="seleniumVersion" value="3.7.1"/>
         <property name="proxyInformation" value="ProxyInformation{proxyOption=NO_PROXY, proxyServerType=, password=, proxyServerAddress=, proxyServerPort=0}"/>
         <property name="platform" value="Windows 10"/>
      </properties>
      <testcase name="Test Cases/Imported from Selenium IDE Scripts/Untitled Test Suite/Imrt-working-flow" classname="Test Cases/Imported from Selenium IDE Scripts/Untitled Test Suite/Imrt-working-flow" status="ERROR">
         <error type="ERROR" message="Test Cases/Imported from Selenium IDE Scripts/Untitled Test Suite/Imrt-working-flow FAILED because (of) com.thoughtworks.selenium.SeleniumException: Element //div[@id='react-mount']/div/div[2]/div/div/div/div/div/a/div/div/span/i not found"/>
         <system-out><![CDATA[2018-03-07 14:18:40 - [TEST_CASE][ERROR] - Test Cases/Imported from Selenium IDE Scripts/Untitled Test Suite/Imrt-working-flow: Test Cases/Imported from Selenium IDE Scripts/Untitled Test Suite/Imrt-working-flow FAILED because (of) com.thoughtworks.selenium.SeleniumException: Element //div[@id='react-mount']/div/div[2]/div/div/div/div/div/a/div/div/span/i not found

2018-03-07 14:18:41 - [TEST_STEP][PASSED] - Comment - "----------------------------------------------------": null

2018-03-07 14:18:41 - [TEST_STEP][PASSED] - Comment - "This test case script is generated by Katalon Studio": null

2018-03-07 14:18:41 - [TEST_STEP][PASSED] - Comment - "Generated date: 07-Mar-2018 12:21:46 PM": null

2018-03-07 14:18:41 - [TEST_STEP][PASSED] - Comment - "File path: C:\Users\ahy\Downloads\Imrt-working-flow-chr.html": null

2018-03-07 14:18:41 - [TEST_STEP][PASSED] - Comment - "Generated by: sushmita.patil@ahytech.com": null

2018-03-07 14:18:41 - [TEST_STEP][PASSED] - Statement - baseUrl = "https://imreallythere.com/": null

2018-03-07 14:18:41 - [TEST_STEP][PASSED] - openBrowser: Browser is opened with url: 'https://imreallythere.com/'

2018-03-07 14:18:51 - [MESSAGE][PASSED] - Browser is opened with url: 'https://imreallythere.com/'

2018-03-07 14:18:51 - [TEST_STEP][PASSED] - Statement - selenium = new com.kms.katalon.core.webui.driver.KatalonWebDriverBackedSelenium(baseUrl): null

2018-03-07 14:18:51 - [TEST_STEP][PASSED] - Statement - selenium.open("https://imreallythere.com/", ""): null

2018-03-07 14:18:53 - [TEST_STEP][PASSED] - maximizeWindow: Current window maximized

2018-03-07 14:18:54 - [MESSAGE][PASSED] - Current window maximized

2018-03-07 14:18:54 - [TEST_STEP][PASSED] - Statement - selenium.click("xpath=(//a[contains(text(),'Watch')])[2]"): null

2018-03-07 14:18:54 - [TEST_STEP][PASSED] - Statement - selenium.click("//div[@id='react-mount']/div/div[2]/div/div/div/div/div/a/div/div/span/i"): null]]></system-out>
         <system-err><![CDATA[2018-03-07 14:18:40 - [TEST_CASE][ERROR] - Test Cases/Imported from Selenium IDE Scripts/Untitled Test Suite/Imrt-working-flow: Test Cases/Imported from Selenium IDE Scripts/Untitled Test Suite/Imrt-working-flow FAILED because (of) com.thoughtworks.selenium.SeleniumException: Element //div[@id='react-mount']/div/div[2]/div/div/div/div/div/a/div/div/span/i not found]]></system-err>
      </testcase>
      <system-out><![CDATA[2018-03-07 14:18:40 - [TEST_SUITE][ERROR] - Untitled Test Suite: Test Cases/Imported from Selenium IDE Scripts/Untitled Test Suite/Imrt-working-flow FAILED because (of) com.thoughtworks.selenium.SeleniumException: Element //div[@id='react-mount']/div/div[2]/div/div/div/div/div/a/div/div/span/i not found]]></system-out>
      <system-err><![CDATA[2018-03-07 14:18:40 - [TEST_SUITE][ERROR] - Untitled Test Suite: Test Cases/Imported from Selenium IDE Scripts/Untitled Test Suite/Imrt-working-flow FAILED because (of) com.thoughtworks.selenium.SeleniumException: Element //div[@id='react-mount']/div/div[2]/div/div/div/div/div/a/div/div/span/i not found]]></system-err>
   </testsuite>
</testsuites>
