<?xml version="1.0" encoding="UTF-8"?>
<testsuites name="Untitled Test Suite" time="22" tests="0" failures="0" errors="1">
   <testsuite name="Untitled Test Suite" tests="0" failures="0" errors="1" time="22" timestamp="2018-03-07 12:22:18" hostname="ahy - bvimit-3b17" id="Test Suites/Imported from Selenium IDE Scripts/Untitled Test Suite">
      <properties>
         <property name="deviceName" value=""/>
         <property name="devicePlatform" value=""/>
         <property name="logFolder" value="C:\\Users\\ahy\\git\\Coolhandmovers\\Reports\\Imported from Selenium IDE Scripts\\Untitled Test Suite\\20180307_122209"/>
         <property name="logFiles" value="C:\\Users\\ahy\\git\\Coolhandmovers\\Reports\\Imported from Selenium IDE Scripts\\Untitled Test Suite\\20180307_122209\\execution0.log"/>
         <property name="attachments" value=""/>
         <property name="hostName" value="ahy - bvimit-3b17"/>
         <property name="os" value="Windows 10 64bit"/>
         <property name="katalonVersion" value="5.3.0.1"/>
         <property name="browser" value="Chrome 64.0.3282.186"/>
         <property name="hostAddress" value="192.168.111.1"/>
         <property name="sessionId" value="73b62627866eefaeb1199d333ebe40ff"/>
         <property name="seleniumVersion" value="3.7.1"/>
         <property name="proxyInformation" value="ProxyInformation{proxyOption=NO_PROXY, proxyServerType=, password=, proxyServerAddress=, proxyServerPort=0}"/>
         <property name="platform" value="Windows 10"/>
      </properties>
      <testcase name="Test Cases/Imported from Selenium IDE Scripts/Untitled Test Suite/Imrt-working-flow" classname="Test Cases/Imported from Selenium IDE Scripts/Untitled Test Suite/Imrt-working-flow" status="ERROR">
         <error type="ERROR" message="Test Cases/Imported from Selenium IDE Scripts/Untitled Test Suite/Imrt-working-flow FAILED because (of) com.thoughtworks.selenium.SeleniumException: Element xpath=(//a[contains(text(),'Watch')])[2] not found"/>
         <system-out><![CDATA[2018-03-07 12:22:18 - [TEST_CASE][ERROR] - Test Cases/Imported from Selenium IDE Scripts/Untitled Test Suite/Imrt-working-flow: Test Cases/Imported from Selenium IDE Scripts/Untitled Test Suite/Imrt-working-flow FAILED because (of) com.thoughtworks.selenium.SeleniumException: Element xpath=(//a[contains(text(),'Watch')])[2] not found

2018-03-07 12:22:18 - [TEST_STEP][PASSED] - Comment - "----------------------------------------------------": null

2018-03-07 12:22:18 - [TEST_STEP][PASSED] - Comment - "This test case script is generated by Katalon Studio": null

2018-03-07 12:22:18 - [TEST_STEP][PASSED] - Comment - "Generated date: 07-Mar-2018 12:21:46 PM": null

2018-03-07 12:22:18 - [TEST_STEP][PASSED] - Comment - "File path: C:\Users\ahy\Downloads\Imrt-working-flow-chr.html": null

2018-03-07 12:22:18 - [TEST_STEP][PASSED] - Comment - "Generated by: sushmita.patil@ahytech.com": null

2018-03-07 12:22:18 - [TEST_STEP][PASSED] - Statement - baseUrl = "https://imreallythere.com/": null

2018-03-07 12:22:18 - [TEST_STEP][PASSED] - openBrowser: Browser is opened with url: 'https://imreallythere.com/'

2018-03-07 12:22:37 - [MESSAGE][PASSED] - Browser is opened with url: 'https://imreallythere.com/'

2018-03-07 12:22:37 - [TEST_STEP][PASSED] - Statement - selenium = new com.kms.katalon.core.webui.driver.KatalonWebDriverBackedSelenium(baseUrl): null

2018-03-07 12:22:37 - [TEST_STEP][PASSED] - Statement - selenium.open("https://imreallythere.com/", ""): null

2018-03-07 12:22:39 - [TEST_STEP][PASSED] - Statement - selenium.click("xpath=(//a[contains(text(),'Watch')])[2]"): null]]></system-out>
         <system-err><![CDATA[2018-03-07 12:22:18 - [TEST_CASE][ERROR] - Test Cases/Imported from Selenium IDE Scripts/Untitled Test Suite/Imrt-working-flow: Test Cases/Imported from Selenium IDE Scripts/Untitled Test Suite/Imrt-working-flow FAILED because (of) com.thoughtworks.selenium.SeleniumException: Element xpath=(//a[contains(text(),'Watch')])[2] not found]]></system-err>
      </testcase>
      <system-out><![CDATA[2018-03-07 12:22:18 - [TEST_SUITE][ERROR] - Untitled Test Suite: Test Cases/Imported from Selenium IDE Scripts/Untitled Test Suite/Imrt-working-flow FAILED because (of) com.thoughtworks.selenium.SeleniumException: Element xpath=(//a[contains(text(),'Watch')])[2] not found]]></system-out>
      <system-err><![CDATA[2018-03-07 12:22:18 - [TEST_SUITE][ERROR] - Untitled Test Suite: Test Cases/Imported from Selenium IDE Scripts/Untitled Test Suite/Imrt-working-flow FAILED because (of) com.thoughtworks.selenium.SeleniumException: Element xpath=(//a[contains(text(),'Watch')])[2] not found]]></system-err>
   </testsuite>
</testsuites>
